<?xml version="1.0" encoding="UTF-8"?>
<!-- Generated by org.testng.reporters.JUnitReportReporter -->
<testsuite skipped="0" hostname="T-I-N-A" name="websitehosting.cicdautomation.wh_test1" tests="1" failures="0" timestamp="2021-07-26T21:23:43 AEST" time="3.962" errors="0">
  <testcase name="test1" time="3.962" classname="websitehosting.cicdautomation.wh_test1"/>
  <system-out/>
</testsuite> <!-- websitehosting.cicdautomation.wh_test1 -->
